2010-08-16 18:12:53 Debug: Notice (1024): Please change the value of 'Security.salt' in app/config/core.php to a salt value specific to your application in [G:\Dados\Projetos\Sites\Testes\site\cakebullet\cake\libs\debugger.php, line 684]
2010-08-16 18:12:53 Debug: Notice (1024): Please change the value of 'Security.cipherSeed' in app/config/core.php to a numeric (digits only) seed value specific to your application in [G:\Dados\Projetos\Sites\Testes\site\cakebullet\cake\libs\debugger.php, line 688]
2010-08-16 18:13:17 Debug: Notice (1024): Please change the value of 'Security.salt' in app/config/core.php to a salt value specific to your application in [G:\Dados\Projetos\Sites\Testes\site\cakebullet\cake\libs\debugger.php, line 684]
2010-08-16 18:13:17 Debug: Notice (1024): Please change the value of 'Security.cipherSeed' in app/config/core.php to a numeric (digits only) seed value specific to your application in [G:\Dados\Projetos\Sites\Testes\site\cakebullet\cake\libs\debugger.php, line 688]
2010-08-16 18:13:46 Debug: Notice (1024): Please change the value of 'Security.salt' in app/config/core.php to a salt value specific to your application in [G:\Dados\Projetos\Sites\Testes\site\cakebullet\cake\libs\debugger.php, line 684]
2010-08-16 18:13:46 Debug: Notice (1024): Please change the value of 'Security.cipherSeed' in app/config/core.php to a numeric (digits only) seed value specific to your application in [G:\Dados\Projetos\Sites\Testes\site\cakebullet\cake\libs\debugger.php, line 688]
2010-08-16 18:14:15 Debug: Notice (1024): Please change the value of 'Security.salt' in app/config/core.php to a salt value specific to your application in [G:\Dados\Projetos\Sites\Testes\site\cakebullet\cake\libs\debugger.php, line 684]
2010-08-16 18:14:15 Debug: Notice (1024): Please change the value of 'Security.cipherSeed' in app/config/core.php to a numeric (digits only) seed value specific to your application in [G:\Dados\Projetos\Sites\Testes\site\cakebullet\cake\libs\debugger.php, line 688]
2010-08-16 18:14:49 Debug: Notice (1024): Please change the value of 'Security.salt' in app/config/core.php to a salt value specific to your application in [G:\Dados\Projetos\Sites\Testes\site\cakebullet\cake\libs\debugger.php, line 684]
2010-08-16 18:14:49 Debug: Notice (1024): Please change the value of 'Security.cipherSeed' in app/config/core.php to a numeric (digits only) seed value specific to your application in [G:\Dados\Projetos\Sites\Testes\site\cakebullet\cake\libs\debugger.php, line 688]
2010-08-16 18:14:50 Debug: Notice (1024): Please change the value of 'Security.salt' in app/config/core.php to a salt value specific to your application in [G:\Dados\Projetos\Sites\Testes\site\cakebullet\cake\libs\debugger.php, line 684]
2010-08-16 18:14:50 Debug: Notice (1024): Please change the value of 'Security.cipherSeed' in app/config/core.php to a numeric (digits only) seed value specific to your application in [G:\Dados\Projetos\Sites\Testes\site\cakebullet\cake\libs\debugger.php, line 688]
2010-08-16 18:14:56 Debug: Notice (1024): Please change the value of 'Security.salt' in app/config/core.php to a salt value specific to your application in [G:\Dados\Projetos\Sites\Testes\site\cakebullet\cake\libs\debugger.php, line 684]
2010-08-16 18:14:56 Debug: Notice (1024): Please change the value of 'Security.cipherSeed' in app/config/core.php to a numeric (digits only) seed value specific to your application in [G:\Dados\Projetos\Sites\Testes\site\cakebullet\cake\libs\debugger.php, line 688]
2010-08-16 18:15:03 Debug: Notice (1024): Please change the value of 'Security.salt' in app/config/core.php to a salt value specific to your application in [G:\Dados\Projetos\Sites\Testes\site\cakebullet\cake\libs\debugger.php, line 684]
2010-08-16 18:15:03 Debug: Notice (1024): Please change the value of 'Security.cipherSeed' in app/config/core.php to a numeric (digits only) seed value specific to your application in [G:\Dados\Projetos\Sites\Testes\site\cakebullet\cake\libs\debugger.php, line 688]
2010-08-16 18:15:13 Debug: Notice (1024): Please change the value of 'Security.salt' in app/config/core.php to a salt value specific to your application in [G:\Dados\Projetos\Sites\Testes\site\cakebullet\cake\libs\debugger.php, line 684]
2010-08-16 18:15:13 Debug: Notice (1024): Please change the value of 'Security.cipherSeed' in app/config/core.php to a numeric (digits only) seed value specific to your application in [G:\Dados\Projetos\Sites\Testes\site\cakebullet\cake\libs\debugger.php, line 688]
2010-08-16 18:19:49 Debug: Notice (1024): Please change the value of 'Security.salt' in app/config/core.php to a salt value specific to your application in [G:\Dados\Projetos\Sites\Tremendao\site\cakebullet\cake\libs\debugger.php, line 684]
2010-08-16 18:19:49 Debug: Notice (1024): Please change the value of 'Security.cipherSeed' in app/config/core.php to a numeric (digits only) seed value specific to your application in [G:\Dados\Projetos\Sites\Tremendao\site\cakebullet\cake\libs\debugger.php, line 688]
2010-08-16 18:30:06 Debug: Notice (1024): Please change the value of 'Security.salt' in app/config/core.php to a salt value specific to your application in [G:\Dados\Projetos\Sites\Tremendao\site\cake\libs\debugger.php, line 684]
2010-08-16 18:30:06 Debug: Notice (1024): Please change the value of 'Security.cipherSeed' in app/config/core.php to a numeric (digits only) seed value specific to your application in [G:\Dados\Projetos\Sites\Tremendao\site\cake\libs\debugger.php, line 688]
2010-08-16 18:30:42 Debug: Notice (1024): Please change the value of 'Security.salt' in app/config/core.php to a salt value specific to your application in [G:\Dados\Projetos\Sites\Tremendao\site\cake\libs\debugger.php, line 684]
2010-08-16 18:30:42 Debug: Notice (1024): Please change the value of 'Security.cipherSeed' in app/config/core.php to a numeric (digits only) seed value specific to your application in [G:\Dados\Projetos\Sites\Tremendao\site\cake\libs\debugger.php, line 688]
2010-08-16 18:30:43 Debug: Notice (1024): Please change the value of 'Security.salt' in app/config/core.php to a salt value specific to your application in [G:\Dados\Projetos\Sites\Tremendao\site\cake\libs\debugger.php, line 684]
2010-08-16 18:30:43 Debug: Notice (1024): Please change the value of 'Security.cipherSeed' in app/config/core.php to a numeric (digits only) seed value specific to your application in [G:\Dados\Projetos\Sites\Tremendao\site\cake\libs\debugger.php, line 688]
2010-08-16 18:31:10 Debug: Notice (1024): Please change the value of 'Security.salt' in app/config/core.php to a salt value specific to your application in [G:\Dados\Projetos\Sites\Tremendao\site\cake\libs\debugger.php, line 684]
2010-08-16 18:31:10 Debug: Notice (1024): Please change the value of 'Security.cipherSeed' in app/config/core.php to a numeric (digits only) seed value specific to your application in [G:\Dados\Projetos\Sites\Tremendao\site\cake\libs\debugger.php, line 688]
2010-08-16 18:32:35 Debug: Notice (1024): Please change the value of 'Security.salt' in app/config/core.php to a salt value specific to your application in [G:\Dados\Projetos\Sites\Tremendao\site\cake\libs\debugger.php, line 684]
2010-08-16 18:32:35 Debug: Notice (1024): Please change the value of 'Security.cipherSeed' in app/config/core.php to a numeric (digits only) seed value specific to your application in [G:\Dados\Projetos\Sites\Tremendao\site\cake\libs\debugger.php, line 688]
2010-08-16 18:34:32 Debug: Notice (1024): Please change the value of 'Security.salt' in app/config/core.php to a salt value specific to your application in [G:\Dados\Projetos\Sites\Tremendao\site\cake\libs\debugger.php, line 684]
2010-08-16 18:34:32 Debug: Notice (1024): Please change the value of 'Security.cipherSeed' in app/config/core.php to a numeric (digits only) seed value specific to your application in [G:\Dados\Projetos\Sites\Tremendao\site\cake\libs\debugger.php, line 688]
2010-08-16 18:34:33 Debug: Notice (1024): Please change the value of 'Security.salt' in app/config/core.php to a salt value specific to your application in [G:\Dados\Projetos\Sites\Tremendao\site\cake\libs\debugger.php, line 684]
2010-08-16 18:34:33 Debug: Notice (1024): Please change the value of 'Security.cipherSeed' in app/config/core.php to a numeric (digits only) seed value specific to your application in [G:\Dados\Projetos\Sites\Tremendao\site\cake\libs\debugger.php, line 688]
2010-08-16 18:34:33 Debug: Notice (1024): Please change the value of 'Security.salt' in app/config/core.php to a salt value specific to your application in [G:\Dados\Projetos\Sites\Tremendao\site\cake\libs\debugger.php, line 684]
2010-08-16 18:34:33 Debug: Notice (1024): Please change the value of 'Security.cipherSeed' in app/config/core.php to a numeric (digits only) seed value specific to your application in [G:\Dados\Projetos\Sites\Tremendao\site\cake\libs\debugger.php, line 688]
2010-08-16 18:34:34 Debug: Notice (1024): Please change the value of 'Security.salt' in app/config/core.php to a salt value specific to your application in [G:\Dados\Projetos\Sites\Tremendao\site\cake\libs\debugger.php, line 684]
2010-08-16 18:34:34 Debug: Notice (1024): Please change the value of 'Security.cipherSeed' in app/config/core.php to a numeric (digits only) seed value specific to your application in [G:\Dados\Projetos\Sites\Tremendao\site\cake\libs\debugger.php, line 688]
2010-08-16 18:38:16 Debug: Notice (1024): Please change the value of 'Security.salt' in app/config/core.php to a salt value specific to your application in [G:\Dados\Projetos\Sites\Tremendao\site\cake\libs\debugger.php, line 684]
2010-08-16 18:38:16 Debug: Notice (1024): Please change the value of 'Security.cipherSeed' in app/config/core.php to a numeric (digits only) seed value specific to your application in [G:\Dados\Projetos\Sites\Tremendao\site\cake\libs\debugger.php, line 688]
2010-08-16 18:38:21 Debug: Notice (1024): Please change the value of 'Security.salt' in app/config/core.php to a salt value specific to your application in [G:\Dados\Projetos\Sites\Tremendao\site\cake\libs\debugger.php, line 684]
2010-08-16 18:38:21 Debug: Notice (1024): Please change the value of 'Security.cipherSeed' in app/config/core.php to a numeric (digits only) seed value specific to your application in [G:\Dados\Projetos\Sites\Tremendao\site\cake\libs\debugger.php, line 688]
2010-08-16 18:39:57 Debug: Notice (1024): Please change the value of 'Security.salt' in app/config/core.php to a salt value specific to your application in [G:\Dados\Projetos\Sites\Tremendao\site\cake\libs\debugger.php, line 684]
2010-08-16 18:39:57 Debug: Notice (1024): Please change the value of 'Security.cipherSeed' in app/config/core.php to a numeric (digits only) seed value specific to your application in [G:\Dados\Projetos\Sites\Tremendao\site\cake\libs\debugger.php, line 688]
2010-08-16 18:40:17 Debug: Notice (1024): Please change the value of 'Security.salt' in app/config/core.php to a salt value specific to your application in [G:\Dados\Projetos\Sites\Tremendao\site\cake\libs\debugger.php, line 684]
2010-08-16 18:40:17 Debug: Notice (1024): Please change the value of 'Security.cipherSeed' in app/config/core.php to a numeric (digits only) seed value specific to your application in [G:\Dados\Projetos\Sites\Tremendao\site\cake\libs\debugger.php, line 688]
2010-08-16 18:41:15 Debug: Notice (1024): Please change the value of 'Security.salt' in app/config/core.php to a salt value specific to your application in [G:\Dados\Projetos\Sites\Tremendao\site\cake\libs\debugger.php, line 684]
2010-08-16 18:41:15 Debug: Notice (1024): Please change the value of 'Security.cipherSeed' in app/config/core.php to a numeric (digits only) seed value specific to your application in [G:\Dados\Projetos\Sites\Tremendao\site\cake\libs\debugger.php, line 688]
2010-08-16 18:45:39 Debug: Notice (1024): Please change the value of 'Security.salt' in app/config/core.php to a salt value specific to your application in [G:\Dados\Projetos\Sites\Tremendao\site\cake\libs\debugger.php, line 684]
2010-08-16 18:45:39 Debug: Notice (1024): Please change the value of 'Security.cipherSeed' in app/config/core.php to a numeric (digits only) seed value specific to your application in [G:\Dados\Projetos\Sites\Tremendao\site\cake\libs\debugger.php, line 688]
2010-08-16 18:46:17 Debug: Notice (1024): Please change the value of 'Security.salt' in app/config/core.php to a salt value specific to your application in [G:\Dados\Projetos\Sites\Tremendao\site\cake\libs\debugger.php, line 684]
2010-08-16 18:46:17 Debug: Notice (1024): Please change the value of 'Security.cipherSeed' in app/config/core.php to a numeric (digits only) seed value specific to your application in [G:\Dados\Projetos\Sites\Tremendao\site\cake\libs\debugger.php, line 688]
2010-08-16 18:46:46 Debug: Notice (1024): Please change the value of 'Security.cipherSeed' in app/config/core.php to a numeric (digits only) seed value specific to your application in [G:\Dados\Projetos\Sites\Tremendao\site\cake\libs\debugger.php, line 688]
2010-08-16 20:26:09 Debug: Notice (8): Undefined variable: assetCompress in [G:\Dados\Projetos\Sites\Tremendao\site\app\views\elements\footer.ctp, line 10]
2010-08-16 20:26:38 Debug: Notice (8): Undefined variable: assetCompress in [G:\Dados\Projetos\Sites\Tremendao\site\app\views\elements\footer.ctp, line 10]
2010-08-16 20:26:38 Debug: Notice (8): Undefined variable: assetCompress in [G:\Dados\Projetos\Sites\Tremendao\site\app\views\elements\footer.ctp, line 10]
2010-08-16 20:27:05 Debug: Notice (8): Undefined variable: assetCompress in [G:\Dados\Projetos\Sites\Tremendao\site\app\views\elements\footer.ctp, line 10]
2010-08-16 20:27:21 Debug: Notice (8): Undefined variable: assetCompress in [G:\Dados\Projetos\Sites\Tremendao\site\app\views\elements\footer.ctp, line 10]
2010-08-16 20:27:46 Debug: Notice (8): Undefined variable: assetCompress in [G:\Dados\Projetos\Sites\Tremendao\site\app\views\elements\footer.ctp, line 10]
2010-08-16 20:28:02 Debug: Notice (8): Undefined variable: assetCompress in [G:\Dados\Projetos\Sites\Tremendao\site\app\views\elements\footer.ctp, line 10]
2010-08-16 20:28:04 Debug: Notice (8): Undefined variable: assetCompress in [G:\Dados\Projetos\Sites\Tremendao\site\app\views\elements\footer.ctp, line 10]
2010-08-16 20:29:34 Debug: Notice (8): Undefined variable: assetCompress in [G:\Dados\Projetos\Sites\Tremendao\site\app\views\elements\footer.ctp, line 9]
2010-08-16 20:29:36 Debug: Notice (8): Undefined variable: assetCompress in [G:\Dados\Projetos\Sites\Tremendao\site\app\views\elements\footer.ctp, line 9]
2010-08-16 20:38:51 Debug: Notice (8): Undefined variable: assetCompress in [G:\Dados\Projetos\Sites\Tremendao\site\app\views\elements\footer.ctp, line 10]
2010-08-16 20:44:35 Debug: Notice (8): Undefined variable: asset in [G:\Dados\Projetos\Sites\Tremendao\site\app\views\elements\footer.ctp, line 10]
2010-08-16 20:44:38 Debug: Notice (8): Undefined variable: asset in [G:\Dados\Projetos\Sites\Tremendao\site\app\views\elements\footer.ctp, line 10]
2010-08-16 20:44:39 Debug: Notice (8): Undefined variable: asset in [G:\Dados\Projetos\Sites\Tremendao\site\app\views\elements\footer.ctp, line 10]
2010-08-16 20:47:16 Debug: Notice (8): Undefined variable: scripts_for_layout in [G:\Dados\Projetos\Sites\Tremendao\site\app\views\elements\footer.ctp, line 13]
2010-08-16 20:48:14 Debug: Notice (8): Undefined variable: scripts_for_layout in [G:\Dados\Projetos\Sites\Tremendao\site\app\views\elements\footer.ctp, line 10]
2010-08-16 20:48:14 Debug: Notice (8): Undefined variable: scripts_for_layout in [G:\Dados\Projetos\Sites\Tremendao\site\app\views\elements\footer.ctp, line 10]
2010-08-16 20:49:20 Debug: Notice (8): Undefined variable: scripts_for_layout in [G:\Dados\Projetos\Sites\Tremendao\site\app\views\elements\footer.ctp, line 10]
2010-08-16 20:49:24 Debug: Notice (8): Undefined variable: scripts_for_layout in [G:\Dados\Projetos\Sites\Tremendao\site\app\views\elements\footer.ctp, line 10]
2010-08-16 20:50:28 Debug: Notice (8): Undefined variable: scripts_for_layout in [G:\Dados\Projetos\Sites\Tremendao\site\app\views\elements\footer.ctp, line 10]
2010-09-08 17:59:37 Notice: Notice (8): Undefined index:  action in [/Applications/MAMP/htdocs/Cake-boilerplate/site/app/views/elements/header.ctp, line 3]
2010-09-08 17:59:37 Notice: Notice (8): Undefined index:  controller in [/Applications/MAMP/htdocs/Cake-boilerplate/site/app/views/elements/header.ctp, line 4]
2010-09-08 17:59:37 Notice: Notice (8): Undefined index:  action in [/Applications/MAMP/htdocs/Cake-boilerplate/site/app/views/elements/header.ctp, line 4]
2010-09-08 17:59:37 Notice: Notice (8): Undefined variable: assetCompress in [/Applications/MAMP/htdocs/Cake-boilerplate/site/app/views/elements/header.ctp, line 17]
2010-09-08 17:59:37 Notice: Notice (8): Undefined index:  action in [/Applications/MAMP/htdocs/Cake-boilerplate/site/app/views/elements/header.ctp, line 3]
2010-09-08 17:59:37 Notice: Notice (8): Undefined index:  controller in [/Applications/MAMP/htdocs/Cake-boilerplate/site/app/views/elements/header.ctp, line 4]
2010-09-08 17:59:37 Notice: Notice (8): Undefined index:  action in [/Applications/MAMP/htdocs/Cake-boilerplate/site/app/views/elements/header.ctp, line 4]
2010-09-08 17:59:37 Notice: Notice (8): Undefined variable: assetCompress in [/Applications/MAMP/htdocs/Cake-boilerplate/site/app/views/elements/header.ctp, line 17]
2010-09-08 17:59:40 Notice: Notice (8): Undefined index:  action in [/Applications/MAMP/htdocs/Cake-boilerplate/site/app/views/elements/header.ctp, line 3]
2010-09-08 17:59:40 Notice: Notice (8): Undefined index:  controller in [/Applications/MAMP/htdocs/Cake-boilerplate/site/app/views/elements/header.ctp, line 4]
2010-09-08 17:59:40 Notice: Notice (8): Undefined index:  action in [/Applications/MAMP/htdocs/Cake-boilerplate/site/app/views/elements/header.ctp, line 4]
2010-09-08 17:59:40 Notice: Notice (8): Undefined variable: assetCompress in [/Applications/MAMP/htdocs/Cake-boilerplate/site/app/views/elements/header.ctp, line 17]
2010-09-08 18:00:43 Notice: Notice (8): Undefined index:  action in [/Applications/MAMP/htdocs/Cake-boilerplate/site/app/views/elements/header.ctp, line 3]
2010-09-08 18:00:43 Notice: Notice (8): Undefined index:  controller in [/Applications/MAMP/htdocs/Cake-boilerplate/site/app/views/elements/header.ctp, line 4]
2010-09-08 18:00:43 Notice: Notice (8): Undefined index:  action in [/Applications/MAMP/htdocs/Cake-boilerplate/site/app/views/elements/header.ctp, line 4]
2010-09-08 18:00:43 Notice: Notice (8): Undefined variable: assetCompress in [/Applications/MAMP/htdocs/Cake-boilerplate/site/app/views/elements/header.ctp, line 17]
2010-09-08 18:00:46 Notice: Notice (8): Undefined index:  action in [/Applications/MAMP/htdocs/Cake-boilerplate/site/app/views/elements/header.ctp, line 3]
2010-09-08 18:00:46 Notice: Notice (8): Undefined index:  controller in [/Applications/MAMP/htdocs/Cake-boilerplate/site/app/views/elements/header.ctp, line 4]
2010-09-08 18:00:46 Notice: Notice (8): Undefined index:  action in [/Applications/MAMP/htdocs/Cake-boilerplate/site/app/views/elements/header.ctp, line 4]
2010-09-08 18:00:46 Notice: Notice (8): Undefined variable: assetCompress in [/Applications/MAMP/htdocs/Cake-boilerplate/site/app/views/elements/header.ctp, line 17]
2010-09-08 18:00:48 Notice: Notice (8): Undefined index:  action in [/Applications/MAMP/htdocs/Cake-boilerplate/site/app/views/elements/header.ctp, line 3]
2010-09-08 18:00:48 Notice: Notice (8): Undefined index:  controller in [/Applications/MAMP/htdocs/Cake-boilerplate/site/app/views/elements/header.ctp, line 4]
2010-09-08 18:00:48 Notice: Notice (8): Undefined index:  action in [/Applications/MAMP/htdocs/Cake-boilerplate/site/app/views/elements/header.ctp, line 4]
2010-09-08 18:00:48 Notice: Notice (8): Undefined variable: assetCompress in [/Applications/MAMP/htdocs/Cake-boilerplate/site/app/views/elements/header.ctp, line 17]
2010-09-08 18:02:54 Notice: Notice (8): Undefined index:  action in [/Applications/MAMP/htdocs/Cake-boilerplate/site/app/views/elements/header.ctp, line 3]
2010-09-08 18:02:54 Notice: Notice (8): Undefined index:  controller in [/Applications/MAMP/htdocs/Cake-boilerplate/site/app/views/elements/header.ctp, line 4]
2010-09-08 18:02:54 Notice: Notice (8): Undefined index:  action in [/Applications/MAMP/htdocs/Cake-boilerplate/site/app/views/elements/header.ctp, line 4]
2010-09-08 18:02:54 Notice: Notice (8): Undefined variable: assetCompress in [/Applications/MAMP/htdocs/Cake-boilerplate/site/app/views/elements/header.ctp, line 17]
2010-09-08 18:02:56 Notice: Notice (8): Undefined index:  action in [/Applications/MAMP/htdocs/Cake-boilerplate/site/app/views/elements/header.ctp, line 3]
2010-09-08 18:02:56 Notice: Notice (8): Undefined index:  controller in [/Applications/MAMP/htdocs/Cake-boilerplate/site/app/views/elements/header.ctp, line 4]
2010-09-08 18:02:56 Notice: Notice (8): Undefined index:  action in [/Applications/MAMP/htdocs/Cake-boilerplate/site/app/views/elements/header.ctp, line 4]
2010-09-08 18:02:56 Notice: Notice (8): Undefined variable: assetCompress in [/Applications/MAMP/htdocs/Cake-boilerplate/site/app/views/elements/header.ctp, line 17]
2010-09-08 18:03:05 Notice: Notice (8): Undefined index:  action in [/Applications/MAMP/htdocs/Cake-boilerplate/site/app/views/elements/header.ctp, line 3]
2010-09-08 18:03:05 Notice: Notice (8): Undefined index:  controller in [/Applications/MAMP/htdocs/Cake-boilerplate/site/app/views/elements/header.ctp, line 4]
2010-09-08 18:03:05 Notice: Notice (8): Undefined index:  action in [/Applications/MAMP/htdocs/Cake-boilerplate/site/app/views/elements/header.ctp, line 4]
2010-09-08 18:03:05 Notice: Notice (8): Undefined variable: assetCompress in [/Applications/MAMP/htdocs/Cake-boilerplate/site/app/views/elements/header.ctp, line 17]
2010-09-08 18:03:08 Notice: Notice (8): Undefined index:  action in [/Applications/MAMP/htdocs/Cake-boilerplate/site/app/views/elements/header.ctp, line 3]
2010-09-08 18:03:08 Notice: Notice (8): Undefined index:  controller in [/Applications/MAMP/htdocs/Cake-boilerplate/site/app/views/elements/header.ctp, line 4]
2010-09-08 18:03:08 Notice: Notice (8): Undefined index:  action in [/Applications/MAMP/htdocs/Cake-boilerplate/site/app/views/elements/header.ctp, line 4]
2010-09-08 18:03:08 Notice: Notice (8): Undefined variable: assetCompress in [/Applications/MAMP/htdocs/Cake-boilerplate/site/app/views/elements/header.ctp, line 17]
2010-09-08 18:03:09 Notice: Notice (8): Undefined index:  action in [/Applications/MAMP/htdocs/Cake-boilerplate/site/app/views/elements/header.ctp, line 3]
2010-09-08 18:03:09 Notice: Notice (8): Undefined index:  controller in [/Applications/MAMP/htdocs/Cake-boilerplate/site/app/views/elements/header.ctp, line 4]
2010-09-08 18:03:09 Notice: Notice (8): Undefined index:  action in [/Applications/MAMP/htdocs/Cake-boilerplate/site/app/views/elements/header.ctp, line 4]
2010-09-08 18:03:09 Notice: Notice (8): Undefined variable: assetCompress in [/Applications/MAMP/htdocs/Cake-boilerplate/site/app/views/elements/header.ctp, line 17]
2010-09-08 18:03:12 Notice: Notice (8): Undefined index:  action in [/Applications/MAMP/htdocs/Cake-boilerplate/site/app/views/elements/header.ctp, line 3]
2010-09-08 18:03:12 Notice: Notice (8): Undefined index:  controller in [/Applications/MAMP/htdocs/Cake-boilerplate/site/app/views/elements/header.ctp, line 4]
2010-09-08 18:03:12 Notice: Notice (8): Undefined index:  action in [/Applications/MAMP/htdocs/Cake-boilerplate/site/app/views/elements/header.ctp, line 4]
2010-09-08 18:03:12 Notice: Notice (8): Undefined variable: assetCompress in [/Applications/MAMP/htdocs/Cake-boilerplate/site/app/views/elements/header.ctp, line 17]
2010-09-08 18:04:15 Notice: Notice (8): Undefined index:  action in [/Applications/MAMP/htdocs/Cake-boilerplate/site/app/views/elements/header.ctp, line 3]
2010-09-08 18:04:16 Notice: Notice (8): Undefined index:  controller in [/Applications/MAMP/htdocs/Cake-boilerplate/site/app/views/elements/header.ctp, line 4]
2010-09-08 18:04:16 Notice: Notice (8): Undefined index:  action in [/Applications/MAMP/htdocs/Cake-boilerplate/site/app/views/elements/header.ctp, line 4]
2010-09-08 18:04:16 Notice: Notice (8): Undefined variable: assetCompress in [/Applications/MAMP/htdocs/Cake-boilerplate/site/app/views/elements/header.ctp, line 17]
2010-09-08 18:04:56 Notice: Notice (8): Undefined index:  action in [/Applications/MAMP/htdocs/Cake-boilerplate/site/app/views/elements/header.ctp, line 3]
2010-09-08 18:04:56 Notice: Notice (8): Undefined index:  controller in [/Applications/MAMP/htdocs/Cake-boilerplate/site/app/views/elements/header.ctp, line 4]
2010-09-08 18:04:56 Notice: Notice (8): Undefined index:  action in [/Applications/MAMP/htdocs/Cake-boilerplate/site/app/views/elements/header.ctp, line 4]
2010-09-08 18:04:56 Notice: Notice (8): Undefined variable: assetCompress in [/Applications/MAMP/htdocs/Cake-boilerplate/site/app/views/elements/header.ctp, line 17]
2010-09-08 18:04:58 Notice: Notice (8): Undefined index:  action in [/Applications/MAMP/htdocs/Cake-boilerplate/site/app/views/elements/header.ctp, line 3]
2010-09-08 18:04:58 Notice: Notice (8): Undefined index:  controller in [/Applications/MAMP/htdocs/Cake-boilerplate/site/app/views/elements/header.ctp, line 4]
2010-09-08 18:04:58 Notice: Notice (8): Undefined index:  action in [/Applications/MAMP/htdocs/Cake-boilerplate/site/app/views/elements/header.ctp, line 4]
2010-09-08 18:04:58 Notice: Notice (8): Undefined variable: assetCompress in [/Applications/MAMP/htdocs/Cake-boilerplate/site/app/views/elements/header.ctp, line 17]
2010-09-08 18:06:58 Notice: Notice (8): Undefined index:  action in [/Applications/MAMP/htdocs/Cake-boilerplate/site/app/views/elements/header.ctp, line 3]
2010-09-08 18:06:58 Notice: Notice (8): Undefined index:  controller in [/Applications/MAMP/htdocs/Cake-boilerplate/site/app/views/elements/header.ctp, line 4]
2010-09-08 18:06:58 Notice: Notice (8): Undefined index:  action in [/Applications/MAMP/htdocs/Cake-boilerplate/site/app/views/elements/header.ctp, line 4]
2010-09-08 18:06:58 Notice: Notice (8): Undefined variable: assetCompress in [/Applications/MAMP/htdocs/Cake-boilerplate/site/app/views/elements/header.ctp, line 17]
2010-09-08 18:07:00 Notice: Notice (8): Undefined index:  action in [/Applications/MAMP/htdocs/Cake-boilerplate/site/app/views/elements/header.ctp, line 3]
2010-09-08 18:07:00 Notice: Notice (8): Undefined index:  controller in [/Applications/MAMP/htdocs/Cake-boilerplate/site/app/views/elements/header.ctp, line 4]
2010-09-08 18:07:00 Notice: Notice (8): Undefined index:  action in [/Applications/MAMP/htdocs/Cake-boilerplate/site/app/views/elements/header.ctp, line 4]
2010-09-08 18:07:00 Notice: Notice (8): Undefined variable: assetCompress in [/Applications/MAMP/htdocs/Cake-boilerplate/site/app/views/elements/header.ctp, line 17]
2010-09-08 18:08:57 Notice: Notice (8): Undefined index:  action in [/Applications/MAMP/htdocs/Cake-boilerplate/site/app/views/elements/header.ctp, line 3]
2010-09-08 18:08:57 Notice: Notice (8): Undefined index:  controller in [/Applications/MAMP/htdocs/Cake-boilerplate/site/app/views/elements/header.ctp, line 4]
2010-09-08 18:08:57 Notice: Notice (8): Undefined index:  action in [/Applications/MAMP/htdocs/Cake-boilerplate/site/app/views/elements/header.ctp, line 4]
2010-09-08 18:08:57 Notice: Notice (8): Undefined variable: assetCompress in [/Applications/MAMP/htdocs/Cake-boilerplate/site/app/views/elements/header.ctp, line 17]
2010-09-08 18:09:07 Notice: Notice (8): Undefined index:  action in [/Applications/MAMP/htdocs/Cake-boilerplate/site/app/views/elements/header.ctp, line 3]
2010-09-08 18:09:07 Notice: Notice (8): Undefined index:  controller in [/Applications/MAMP/htdocs/Cake-boilerplate/site/app/views/elements/header.ctp, line 4]
2010-09-08 18:09:07 Notice: Notice (8): Undefined index:  action in [/Applications/MAMP/htdocs/Cake-boilerplate/site/app/views/elements/header.ctp, line 4]
2010-09-08 18:09:07 Notice: Notice (8): Undefined variable: assetCompress in [/Applications/MAMP/htdocs/Cake-boilerplate/site/app/views/elements/header.ctp, line 17]
2010-09-08 18:10:16 Notice: Notice (8): Undefined index:  action in [/Applications/MAMP/htdocs/Cake-boilerplate/site/app/views/elements/header.ctp, line 3]
2010-09-08 18:10:16 Notice: Notice (8): Undefined index:  controller in [/Applications/MAMP/htdocs/Cake-boilerplate/site/app/views/elements/header.ctp, line 4]
2010-09-08 18:10:16 Notice: Notice (8): Undefined index:  action in [/Applications/MAMP/htdocs/Cake-boilerplate/site/app/views/elements/header.ctp, line 4]
2010-09-08 18:10:16 Notice: Notice (8): Undefined variable: assetCompress in [/Applications/MAMP/htdocs/Cake-boilerplate/site/app/views/elements/header.ctp, line 17]
2010-09-08 18:10:19 Notice: Notice (8): Undefined index:  action in [/Applications/MAMP/htdocs/Cake-boilerplate/site/app/views/elements/header.ctp, line 3]
2010-09-08 18:10:19 Notice: Notice (8): Undefined index:  controller in [/Applications/MAMP/htdocs/Cake-boilerplate/site/app/views/elements/header.ctp, line 4]
2010-09-08 18:10:19 Notice: Notice (8): Undefined index:  action in [/Applications/MAMP/htdocs/Cake-boilerplate/site/app/views/elements/header.ctp, line 4]
2010-09-08 18:10:19 Notice: Notice (8): Undefined variable: assetCompress in [/Applications/MAMP/htdocs/Cake-boilerplate/site/app/views/elements/header.ctp, line 17]
2010-09-08 18:10:36 Notice: Notice (8): Undefined index:  action in [/Applications/MAMP/htdocs/Cake-boilerplate/site/app/views/elements/header.ctp, line 3]
2010-09-08 18:10:36 Notice: Notice (8): Undefined index:  controller in [/Applications/MAMP/htdocs/Cake-boilerplate/site/app/views/elements/header.ctp, line 4]
2010-09-08 18:10:36 Notice: Notice (8): Undefined index:  action in [/Applications/MAMP/htdocs/Cake-boilerplate/site/app/views/elements/header.ctp, line 4]
2010-09-08 18:10:36 Notice: Notice (8): Undefined variable: assetCompress in [/Applications/MAMP/htdocs/Cake-boilerplate/site/app/views/elements/header.ctp, line 17]
2010-09-08 18:11:12 Notice: Notice (8): Undefined index:  action in [/Applications/MAMP/htdocs/Cake-boilerplate/site/app/views/elements/header.ctp, line 5]
2010-09-08 18:11:12 Notice: Notice (8): Undefined index:  controller in [/Applications/MAMP/htdocs/Cake-boilerplate/site/app/views/elements/header.ctp, line 6]
2010-09-08 18:11:12 Notice: Notice (8): Undefined index:  action in [/Applications/MAMP/htdocs/Cake-boilerplate/site/app/views/elements/header.ctp, line 6]
2010-09-08 18:11:12 Notice: Notice (8): Undefined variable: assetCompress in [/Applications/MAMP/htdocs/Cake-boilerplate/site/app/views/elements/header.ctp, line 19]
2010-09-08 18:12:55 Notice: Notice (8): Undefined index:  action in [/Applications/MAMP/htdocs/Cake-boilerplate/site/app/views/elements/header.ctp, line 5]
2010-09-08 18:12:55 Notice: Notice (8): Undefined index:  controller in [/Applications/MAMP/htdocs/Cake-boilerplate/site/app/views/elements/header.ctp, line 6]
2010-09-08 18:12:55 Notice: Notice (8): Undefined index:  action in [/Applications/MAMP/htdocs/Cake-boilerplate/site/app/views/elements/header.ctp, line 6]
2010-09-08 18:12:55 Notice: Notice (8): Undefined variable: assetCompress in [/Applications/MAMP/htdocs/Cake-boilerplate/site/app/views/elements/header.ctp, line 19]
2010-09-08 18:14:24 Notice: Notice (8): Undefined index:  action in [/Applications/MAMP/htdocs/Cake-boilerplate/site/app/views/elements/header.ctp, line 5]
2010-09-08 18:14:24 Notice: Notice (8): Undefined index:  controller in [/Applications/MAMP/htdocs/Cake-boilerplate/site/app/views/elements/header.ctp, line 6]
2010-09-08 18:14:24 Notice: Notice (8): Undefined index:  action in [/Applications/MAMP/htdocs/Cake-boilerplate/site/app/views/elements/header.ctp, line 6]
2010-09-08 18:14:24 Notice: Notice (8): Undefined variable: assetCompress in [/Applications/MAMP/htdocs/Cake-boilerplate/site/app/views/elements/header.ctp, line 19]
2010-09-08 18:14:28 Notice: Notice (8): Undefined index:  action in [/Applications/MAMP/htdocs/Cake-boilerplate/site/app/views/elements/header.ctp, line 5]
2010-09-08 18:14:28 Notice: Notice (8): Undefined index:  controller in [/Applications/MAMP/htdocs/Cake-boilerplate/site/app/views/elements/header.ctp, line 6]
2010-09-08 18:14:28 Notice: Notice (8): Undefined index:  action in [/Applications/MAMP/htdocs/Cake-boilerplate/site/app/views/elements/header.ctp, line 6]
2010-09-08 18:14:28 Notice: Notice (8): Undefined variable: assetCompress in [/Applications/MAMP/htdocs/Cake-boilerplate/site/app/views/elements/header.ctp, line 19]
2010-09-08 18:15:26 Notice: Notice (8): Undefined index:  action in [/Applications/MAMP/htdocs/Cake-boilerplate/site/app/views/elements/header.ctp, line 5]
2010-09-08 18:15:26 Notice: Notice (8): Undefined index:  controller in [/Applications/MAMP/htdocs/Cake-boilerplate/site/app/views/elements/header.ctp, line 6]
2010-09-08 18:15:26 Notice: Notice (8): Undefined index:  action in [/Applications/MAMP/htdocs/Cake-boilerplate/site/app/views/elements/header.ctp, line 6]
2010-09-08 18:15:26 Notice: Notice (8): Undefined variable: assetCompress in [/Applications/MAMP/htdocs/Cake-boilerplate/site/app/views/elements/header.ctp, line 19]
2010-09-08 18:16:55 Notice: Notice (8): Undefined index:  action in [/Applications/MAMP/htdocs/Cake-boilerplate/site/app/views/elements/header.ctp, line 5]
2010-09-08 18:16:55 Notice: Notice (8): Undefined index:  controller in [/Applications/MAMP/htdocs/Cake-boilerplate/site/app/views/elements/header.ctp, line 6]
2010-09-08 18:16:55 Notice: Notice (8): Undefined index:  action in [/Applications/MAMP/htdocs/Cake-boilerplate/site/app/views/elements/header.ctp, line 6]
2010-09-08 18:16:55 Notice: Notice (8): Undefined variable: assetCompress in [/Applications/MAMP/htdocs/Cake-boilerplate/site/app/views/elements/header.ctp, line 19]
2010-09-08 18:16:59 Notice: Notice (8): Undefined index:  action in [/Applications/MAMP/htdocs/Cake-boilerplate/site/app/views/elements/header.ctp, line 5]
2010-09-08 18:16:59 Notice: Notice (8): Undefined index:  controller in [/Applications/MAMP/htdocs/Cake-boilerplate/site/app/views/elements/header.ctp, line 6]
2010-09-08 18:16:59 Notice: Notice (8): Undefined index:  action in [/Applications/MAMP/htdocs/Cake-boilerplate/site/app/views/elements/header.ctp, line 6]
2010-09-08 18:16:59 Notice: Notice (8): Undefined variable: assetCompress in [/Applications/MAMP/htdocs/Cake-boilerplate/site/app/views/elements/header.ctp, line 19]
2010-09-08 18:18:38 Notice: Notice (8): Undefined index:  action in [/Applications/MAMP/htdocs/Cake-boilerplate/site/app/views/elements/header.ctp, line 3]
2010-09-08 18:18:38 Notice: Notice (8): Undefined index:  controller in [/Applications/MAMP/htdocs/Cake-boilerplate/site/app/views/elements/header.ctp, line 4]
2010-09-08 18:18:38 Notice: Notice (8): Undefined index:  action in [/Applications/MAMP/htdocs/Cake-boilerplate/site/app/views/elements/header.ctp, line 4]
2010-09-08 18:18:38 Notice: Notice (8): Undefined variable: scripts_for_layout in [/Applications/MAMP/htdocs/Cake-boilerplate/site/app/views/elements/footer.ctp, line 26]
2010-09-08 18:19:20 Notice: Notice (8): Undefined index:  action in [/Applications/MAMP/htdocs/Cake-boilerplate/site/app/views/elements/header.ctp, line 3]
2010-09-08 18:19:20 Notice: Notice (8): Undefined index:  controller in [/Applications/MAMP/htdocs/Cake-boilerplate/site/app/views/elements/header.ctp, line 4]
2010-09-08 18:19:20 Notice: Notice (8): Undefined index:  action in [/Applications/MAMP/htdocs/Cake-boilerplate/site/app/views/elements/header.ctp, line 4]
2010-09-08 18:19:20 Notice: Notice (8): Undefined variable: scripts_for_layout in [/Applications/MAMP/htdocs/Cake-boilerplate/site/app/views/elements/footer.ctp, line 26]
2010-09-08 18:20:13 Notice: Notice (8): Undefined variable: scripts_for_layout in [/Applications/MAMP/htdocs/Cake-boilerplate/site/app/views/elements/footer.ctp, line 26]
