2010-11-04 11:07:11 Warning: Warning (512): DbAcl::check() - Failed ARO/ACO node lookup in permissions check.  Node references:
Aro: Array
(
    [User] => Array
        (
            [id] => 3
            [username] => client
            [group_id] => 3
        )

)

Aco: Groups/index in [/Applications/MAMP/htdocs/Cake-boilerplate/site/cake/libs/controller/components/acl.php, line 273]
2010-11-04 11:07:11 Warning: Warning (2): Cannot modify header information - headers already sent by (output started at /Applications/MAMP/htdocs/Cake-boilerplate/site/cake/libs/debugger.php:673) in [/Applications/MAMP/htdocs/Cake-boilerplate/site/cake/libs/controller/controller.php, line 746]
2010-11-04 11:07:51 Warning: Warning (512): DbAcl::check() - Failed ARO/ACO node lookup in permissions check.  Node references:
Aro: Array
(
    [User] => Array
        (
            [id] => 3
            [username] => client
            [group_id] => 3
        )

)

Aco: Groups/index in [/Applications/MAMP/htdocs/Cake-boilerplate/site/cake/libs/controller/components/acl.php, line 273]
2010-11-04 11:07:51 Warning: Warning (2): Cannot modify header information - headers already sent by (output started at /Applications/MAMP/htdocs/Cake-boilerplate/site/cake/libs/debugger.php:673) in [/Applications/MAMP/htdocs/Cake-boilerplate/site/cake/libs/controller/controller.php, line 746]
2010-11-04 11:08:27 Warning: Warning (512): DbAcl::check() - Failed ARO/ACO node lookup in permissions check.  Node references:
Aro: Array
(
    [User] => Array
        (
            [id] => 3
            [username] => client
            [group_id] => 3
        )

)

Aco: Groups/view in [/Applications/MAMP/htdocs/Cake-boilerplate/site/cake/libs/controller/components/acl.php, line 273]
2010-11-04 11:08:27 Warning: Warning (2): Cannot modify header information - headers already sent by (output started at /Applications/MAMP/htdocs/Cake-boilerplate/site/cake/libs/debugger.php:673) in [/Applications/MAMP/htdocs/Cake-boilerplate/site/cake/libs/controller/controller.php, line 746]
2010-11-04 12:14:16 Warning: Warning (2): file_get_contents(/Applications/MAMP/htdocs/Cake-boilerplate/site/app/webroot/json/Sample.json) [<a href='http://php.net/function.file-get-contents'>function.file-get-contents</a>]: failed to open stream: No such file or directory in [/Applications/MAMP/htdocs/Cake-boilerplate/site/app/vendors/Mobi/Mtld/DA/Api.php, line 123]
2010-11-04 12:17:10 Warning: Warning (2): Cannot modify header information - headers already sent by (output started at /Applications/MAMP/htdocs/Cake-boilerplate/site/cake/basics.php:110) in [/Applications/MAMP/htdocs/Cake-boilerplate/site/cake/libs/controller/controller.php, line 746]
2010-11-04 12:18:36 Warning: Warning (2): Cannot modify header information - headers already sent by (output started at /Applications/MAMP/htdocs/Cake-boilerplate/site/cake/basics.php:110) in [/Applications/MAMP/htdocs/Cake-boilerplate/site/cake/libs/controller/controller.php, line 746]
2010-11-04 12:19:14 Warning: Warning (2): Cannot modify header information - headers already sent by (output started at /Applications/MAMP/htdocs/Cake-boilerplate/site/cake/basics.php:110) in [/Applications/MAMP/htdocs/Cake-boilerplate/site/cake/libs/controller/controller.php, line 746]
2010-11-04 12:20:57 Warning: Warning (2): Cannot modify header information - headers already sent by (output started at /Applications/MAMP/htdocs/Cake-boilerplate/site/cake/basics.php:110) in [/Applications/MAMP/htdocs/Cake-boilerplate/site/cake/libs/controller/controller.php, line 746]
2010-11-04 12:33:16 Warning: Warning (2): Cannot modify header information - headers already sent by (output started at /Applications/MAMP/htdocs/Cake-boilerplate/site/cake/basics.php:110) in [/Applications/MAMP/htdocs/Cake-boilerplate/site/cake/libs/controller/controller.php, line 746]
2010-11-04 14:14:33 Warning: Warning (512): DbAcl::check() - Failed ARO/ACO node lookup in permissions check.  Node references:
Aro: Array
(
    [User] => Array
        (
            [id] => 3
            [username] => client
            [group_id] => 3
        )

)

Aco: Groups/index in [/Applications/MAMP/htdocs/Cake-boilerplate/site/cake/libs/controller/components/acl.php, line 273]
2010-11-04 15:04:42 Warning: Warning (512): DbAcl::check() - Failed ARO/ACO node lookup in permissions check.  Node references:
Aro: Array
(
    [User] => Array
        (
            [id] => 1
            [username] => plastic
            [group_id] => 1
        )

)

Aco: Groups/index in [/Applications/MAMP/htdocs/Cake-boilerplate/site/cake/libs/controller/components/acl.php, line 273]
2010-11-04 15:06:34 Warning: Warning (512): DbAcl::check() - Failed ARO/ACO node lookup in permissions check.  Node references:
Aro: Array
(
    [User] => Array
        (
            [id] => 2
            [username] => mkt
            [group_id] => 2
        )

)

Aco: Groups/index in [/Applications/MAMP/htdocs/Cake-boilerplate/site/cake/libs/controller/components/acl.php, line 273]
2010-11-04 15:06:37 Warning: Warning (512): DbAcl::check() - Failed ARO/ACO node lookup in permissions check.  Node references:
Aro: Array
(
    [User] => Array
        (
            [id] => 2
            [username] => mkt
            [group_id] => 2
        )

)

Aco: Groups/index in [/Applications/MAMP/htdocs/Cake-boilerplate/site/cake/libs/controller/components/acl.php, line 273]
2010-11-04 15:06:37 Warning: Warning (512): DbAcl::check() - Failed ARO/ACO node lookup in permissions check.  Node references:
Aro: Array
(
    [User] => Array
        (
            [id] => 2
            [username] => mkt
            [group_id] => 2
        )

)

Aco: Groups/index in [/Applications/MAMP/htdocs/Cake-boilerplate/site/cake/libs/controller/components/acl.php, line 273]
2010-11-04 15:19:34 Warning: Warning (512): DbAcl::check() - Failed ARO/ACO node lookup in permissions check.  Node references:
Aro: Array
(
    [User] => Array
        (
            [id] => 2
            [username] => mkt
            [group_id] => 2
        )

)

Aco: Groups/view in [/Applications/MAMP/htdocs/Cake-boilerplate/site/cake/libs/controller/components/acl.php, line 273]
2010-11-04 19:18:33 Warning: Warning (512): DbAcl::check() - Failed ARO/ACO node lookup in permissions check.  Node references:
Aro: Array
(
    [User] => Array
        (
            [id] => 4
            [username] => plastic
            [group_id] => 1
        )

)

Aco: Tags/Tags/index in [/Applications/MAMP/htdocs/Cake-boilerplate/site/cake/libs/controller/components/acl.php, line 273]
2010-11-04 19:18:33 Warning: Warning (2): Cannot modify header information - headers already sent by (output started at /Applications/MAMP/htdocs/Cake-boilerplate/site/cake/libs/debugger.php:673) in [/Applications/MAMP/htdocs/Cake-boilerplate/site/cake/libs/controller/controller.php, line 746]
2010-11-04 19:19:21 Warning: Warning (512): DbAcl::check() - Failed ARO/ACO node lookup in permissions check.  Node references:
Aro: Array
(
    [User] => Array
        (
            [id] => 4
            [username] => plastic
            [group_id] => 1
        )

)

Aco: Tags/Tags/index in [/Applications/MAMP/htdocs/Cake-boilerplate/site/cake/libs/controller/components/acl.php, line 273]
2010-11-04 19:19:21 Warning: Warning (2): Cannot modify header information - headers already sent by (output started at /Applications/MAMP/htdocs/Cake-boilerplate/site/cake/libs/debugger.php:673) in [/Applications/MAMP/htdocs/Cake-boilerplate/site/cake/libs/controller/controller.php, line 746]
2010-11-04 19:20:03 Warning: Warning (512): Could not find AclComponent. Please include Acl in Controller::$components. in [/Applications/MAMP/htdocs/Cake-boilerplate/site/cake/libs/controller/components/auth.php, line 421]
2010-11-04 19:27:53 Warning: Warning (512): <span style="color:Red;text-align:left"><b>SQL Error:</b> 1051: Unknown table 'Tag'</span> in [/Applications/MAMP/htdocs/Cake-boilerplate/site/cake/libs/model/datasources/dbo_source.php, line 684]
2010-11-04 19:29:38 Warning: Warning (512): <span style="color:Red;text-align:left"><b>SQL Error:</b> 1051: Unknown table 'Tag'</span> in [/Applications/MAMP/htdocs/Cake-boilerplate/site/cake/libs/model/datasources/dbo_source.php, line 684]
2010-11-04 19:30:16 Warning: Warning (512): <span style="color:Red;text-align:left"><b>SQL Error:</b> 1051: Unknown table 'Tag'</span> in [/Applications/MAMP/htdocs/Cake-boilerplate/site/cake/libs/model/datasources/dbo_source.php, line 684]
2010-11-04 19:33:57 Warning: Warning (512): <span style="color:Red;text-align:left"><b>SQL Error:</b> 1051: Unknown table 'Tag'</span> in [/Applications/MAMP/htdocs/Cake-boilerplate/site/cake/libs/model/datasources/dbo_source.php, line 684]
2010-11-04 19:33:58 Warning: Warning (512): <span style="color:Red;text-align:left"><b>SQL Error:</b> 1051: Unknown table 'Tag'</span> in [/Applications/MAMP/htdocs/Cake-boilerplate/site/cake/libs/model/datasources/dbo_source.php, line 684]
2010-11-04 19:36:25 Warning: Warning (512): <span style="color:Red;text-align:left"><b>SQL Error:</b> 1051: Unknown table 'Tag'</span> in [/Applications/MAMP/htdocs/Cake-boilerplate/site/cake/libs/model/datasources/dbo_source.php, line 684]
2010-11-04 19:36:52 Warning: Warning (512): <span style="color:Red;text-align:left"><b>SQL Error:</b> 1051: Unknown table 'Tag'</span> in [/Applications/MAMP/htdocs/Cake-boilerplate/site/cake/libs/model/datasources/dbo_source.php, line 684]
2010-11-04 19:37:57 Warning: Warning (512): <span style="color:Red;text-align:left"><b>SQL Error:</b> 1051: Unknown table 'Tag'</span> in [/Applications/MAMP/htdocs/Cake-boilerplate/site/cake/libs/model/datasources/dbo_source.php, line 684]
2010-11-04 19:38:04 Warning: Warning (512): <span style="color:Red;text-align:left"><b>SQL Error:</b> 1051: Unknown table 'Tag'</span> in [/Applications/MAMP/htdocs/Cake-boilerplate/site/cake/libs/model/datasources/dbo_source.php, line 684]
2010-11-04 19:38:29 Warning: Warning (512): <span style="color:Red;text-align:left"><b>SQL Error:</b> 1051: Unknown table 'Tag'</span> in [/Applications/MAMP/htdocs/Cake-boilerplate/site/cake/libs/model/datasources/dbo_source.php, line 684]
2010-11-04 19:38:34 Warning: Warning (512): <span style="color:Red;text-align:left"><b>SQL Error:</b> 1051: Unknown table 'Tag'</span> in [/Applications/MAMP/htdocs/Cake-boilerplate/site/cake/libs/model/datasources/dbo_source.php, line 684]
2010-11-05 11:50:30 Warning: Warning (512): Could not find AclComponent. Please include Acl in Controller::$components. in [/Applications/MAMP/htdocs/Cake-boilerplate/site/cake/libs/controller/components/auth.php, line 421]
2010-11-05 11:51:14 Warning: Warning (512): DbAcl::check() - Failed ARO/ACO node lookup in permissions check.  Node references:
Aro: Array
(
    [User] => Array
        (
            [id] => 4
            [username] => plastic
            [group_id] => 1
        )

)

Aco: Tags/Tags/view in [/Applications/MAMP/htdocs/Cake-boilerplate/site/cake/libs/controller/components/acl.php, line 273]
2010-11-05 11:51:14 Warning: Warning (2): Cannot modify header information - headers already sent by (output started at /Applications/MAMP/htdocs/Cake-boilerplate/site/cake/libs/debugger.php:673) in [/Applications/MAMP/htdocs/Cake-boilerplate/site/cake/libs/controller/controller.php, line 746]
2010-11-05 11:53:19 Warning: Warning (512): DbAcl::check() - Failed ARO/ACO node lookup in permissions check.  Node references:
Aro: Array
(
    [User] => Array
        (
            [id] => 4
            [username] => plastic
            [group_id] => 1
        )

)

Aco: Tags/Tags/view in [/Applications/MAMP/htdocs/Cake-boilerplate/site/cake/libs/controller/components/acl.php, line 273]
2010-11-05 11:53:19 Warning: Warning (2): Cannot modify header information - headers already sent by (output started at /Applications/MAMP/htdocs/Cake-boilerplate/site/cake/libs/debugger.php:673) in [/Applications/MAMP/htdocs/Cake-boilerplate/site/cake/libs/controller/controller.php, line 746]
2010-11-05 11:53:40 Warning: Warning (512): DbAcl::check() - Failed ARO/ACO node lookup in permissions check.  Node references:
Aro: Array
(
    [User] => Array
        (
            [id] => 4
            [username] => plastic
            [group_id] => 1
        )

)

Aco: Groups/index in [/Applications/MAMP/htdocs/Cake-boilerplate/site/cake/libs/controller/components/acl.php, line 273]
2010-11-05 11:53:40 Warning: Warning (2): Cannot modify header information - headers already sent by (output started at /Applications/MAMP/htdocs/Cake-boilerplate/site/cake/libs/debugger.php:673) in [/Applications/MAMP/htdocs/Cake-boilerplate/site/cake/libs/controller/controller.php, line 746]
